<?xml version="1.0" encoding="UTF-8"?>
<!-- Generated by org.testng.reporters.JUnitReportReporter -->
<testsuite hostname="Praveen" failures="0" tests="6" name="testrunner.RunnerTests" time="100.776" errors="0" timestamp="2023-11-01T23:24:02 IST" skipped="0">
  <testcase classname="testrunner.RunnerTests" name="runScenario" time="11.256"/>
  <system-out/>
  <testcase classname="testrunner.RunnerTests" name="runScenario" time="16.729"/>
  <system-out/>
  <testcase classname="testrunner.RunnerTests" name="runScenario" time="15.449"/>
  <system-out/>
  <testcase classname="testrunner.RunnerTests" name="runScenario" time="16.017"/>
  <system-out/>
  <testcase classname="testrunner.RunnerTests" name="runScenario" time="20.588"/>
  <system-out/>
  <testcase classname="testrunner.RunnerTests" name="runScenario" time="20.737"/>
  <system-out/>
</testsuite> <!-- testrunner.RunnerTests -->
